<?xml version="1.0" encoding="UTF-8"?>
<!-- Generated by org.testng.reporters.JUnitReportReporter -->
<testsuite skipped="0" hostname="yatin" name="loginBatchFile.loginTest" tests="1" failures="0" timestamp="2020-07-16T09:00:38 IST" time="22.280" errors="0">
  <testcase name="verifyLogins" time="22.280" classname="loginBatchFile.loginTest"/>
</testsuite> <!-- loginBatchFile.loginTest -->
