<?xml version="1.0" encoding="UTF-8"?>
<!-- Generated by org.testng.reporters.JUnitReportReporter -->
<testsuite skipped="0" hostname="yatin" name="loginBatchFile.log4jreports" tests="1" failures="0" timestamp="2020-07-16T09:00:38 IST" time="0.269" errors="0">
  <testcase name="reports" time="0.269" classname="loginBatchFile.log4jreports"/>
</testsuite> <!-- loginBatchFile.log4jreports -->
